Determining if the pthread_create exist failed with the following output:
Change Dir: /home/nholthaus/workspace/units/coveralls/3rdParty/gtest/src/CMakeFiles/CMakeTmp

Run Build Command:"/usr/bin/make" "cmTC_d4a09/fast"
make[3]: Entering directory '/home/nholthaus/workspace/units/coveralls/3rdParty/gtest/src/CMakeFiles/CMakeTmp'
/usr/bin/make -f CMakeFiles/cmTC_d4a09.dir/build.make CMakeFiles/cmTC_d4a09.dir/build
make[4]: Entering directory '/home/nholthaus/workspace/units/coveralls/3rdParty/gtest/src/CMakeFiles/CMakeTmp'
Building C object CMakeFiles/cmTC_d4a09.dir/CheckSymbolExists.c.o
/usr/bin/cc     -o CMakeFiles/cmTC_d4a09.dir/CheckSymbolExists.c.o   -c /home/nholthaus/workspace/units/coveralls/3rdParty/gtest/src/CMakeFiles/CMakeTmp/CheckSymbolExists.c
Linking C executable cmTC_d4a09
/opt/cmake-3.5.0/bin/cmake -E cmake_link_script CMakeFiles/cmTC_d4a09.dir/link.txt --verbose=1
/usr/bin/cc       CMakeFiles/cmTC_d4a09.dir/CheckSymbolExists.c.o  -o cmTC_d4a09 -rdynamic 
CMakeFiles/cmTC_d4a09.dir/CheckSymbolExists.c.o: In function `main':
CheckSymbolExists.c:(.text+0x16): undefined reference to `pthread_create'
collect2: error: ld returned 1 exit status
CMakeFiles/cmTC_d4a09.dir/build.make:97: recipe for target 'cmTC_d4a09' failed
make[4]: *** [cmTC_d4a09] Error 1
make[4]: Leaving directory '/home/nholthaus/workspace/units/coveralls/3rdParty/gtest/src/CMakeFiles/CMakeTmp'
Makefile:126: recipe for target 'cmTC_d4a09/fast' failed
make[3]: *** [cmTC_d4a09/fast] Error 2
make[3]: Leaving directory '/home/nholthaus/workspace/units/coveralls/3rdParty/gtest/src/CMakeFiles/CMakeTmp'

File /home/nholthaus/workspace/units/coveralls/3rdParty/gtest/src/CMakeFiles/CMakeTmp/CheckSymbolExists.c:
/* */
#include <pthread.h>

int main(int argc, char** argv)
{
  (void)argv;
#ifndef pthread_create
  return ((int*)(&pthread_create))[argc];
#else
  (void)argc;
  return 0;
#endif
}

Determining if the function pthread_create exists in the pthreads failed with the following output:
Change Dir: /home/nholthaus/workspace/units/coveralls/3rdParty/gtest/src/CMakeFiles/CMakeTmp

Run Build Command:"/usr/bin/make" "cmTC_fea35/fast"
make[3]: Entering directory '/home/nholthaus/workspace/units/coveralls/3rdParty/gtest/src/CMakeFiles/CMakeTmp'
/usr/bin/make -f CMakeFiles/cmTC_fea35.dir/build.make CMakeFiles/cmTC_fea35.dir/build
make[4]: Entering directory '/home/nholthaus/workspace/units/coveralls/3rdParty/gtest/src/CMakeFiles/CMakeTmp'
Building C object CMakeFiles/cmTC_fea35.dir/CheckFunctionExists.c.o
/usr/bin/cc    -DCHECK_FUNCTION_EXISTS=pthread_create   -o CMakeFiles/cmTC_fea35.dir/CheckFunctionExists.c.o   -c /opt/cmake-3.5.0/share/cmake-3.5/Modules/CheckFunctionExists.c
Linking C executable cmTC_fea35
/opt/cmake-3.5.0/bin/cmake -E cmake_link_script CMakeFiles/cmTC_fea35.dir/link.txt --verbose=1
/usr/bin/cc   -DCHECK_FUNCTION_EXISTS=pthread_create    CMakeFiles/cmTC_fea35.dir/CheckFunctionExists.c.o  -o cmTC_fea35 -rdynamic -lpthreads 
/usr/bin/ld: cannot find -lpthreads
collect2: error: ld returned 1 exit status
CMakeFiles/cmTC_fea35.dir/build.make:97: recipe for target 'cmTC_fea35' failed
make[4]: *** [cmTC_fea35] Error 1
make[4]: Leaving directory '/home/nholthaus/workspace/units/coveralls/3rdParty/gtest/src/CMakeFiles/CMakeTmp'
Makefile:126: recipe for target 'cmTC_fea35/fast' failed
make[3]: *** [cmTC_fea35/fast] Error 2
make[3]: Leaving directory '/home/nholthaus/workspace/units/coveralls/3rdParty/gtest/src/CMakeFiles/CMakeTmp'


